# JRE version: Java(TM) SE Runtime Environment (7.0_80-b15) (build 1.7.0_80-b15)
# Java VM: Java HotSpot(TM) 64-Bit Server VM (24.80-b11 mixed mode windows-amd64 compressed oops)
Heap
 PSYoungGen      total 34816K, used 0K [0x00000000eb100000, 0x00000000edc80000, 0x0000000100000000)
  eden space 26112K, 0% used [0x00000000eb100000,0x00000000eb1000c8,0x00000000eca80000)
  from space 8704K, 0% used [0x00000000ed400000,0x00000000ed400000,0x00000000edc80000)
  to   space 9216K, 0% used [0x00000000eca80000,0x00000000eca80000,0x00000000ed380000)
 ParOldGen       total 363008K, used 12847K [0x00000000c1400000, 0x00000000d7680000, 0x00000000eb100000)
  object space 363008K, 3% used [0x00000000c1400000,0x00000000c208bc50,0x00000000d7680000)
 PSPermGen       total 83968K, used 83967K [0x00000000bc200000, 0x00000000c1400000, 0x00000000c1400000)
  object space 83968K, 99% used [0x00000000bc200000,0x00000000c13ffe98,0x00000000c1400000)
GC Heap History (10 events):
Event: 1882.123 GC heap before
{Heap before GC invocations=29 (full 7):
 PSYoungGen      total 35328K, used 224K [0x00000000eb100000, 0x00000000edd00000, 0x0000000100000000)
  eden space 25600K, 0% used [0x00000000eb100000,0x00000000eb100000,0x00000000eca00000)
  from space 9728K, 2% used [0x00000000ed380000,0x00000000ed3b8000,0x00000000edd00000)
  to   space 9728K, 0% used [0x00000000eca00000,0x00000000eca00000,0x00000000ed380000)
 ParOldGen       total 181760K, used 12942K [0x00000000c1400000, 0x00000000cc580000, 0x00000000eb100000)
  object space 181760K, 7% used [0x00000000c1400000,0x00000000c20a39d8,0x00000000cc580000)
 PSPermGen       total 83968K, used 83968K [0x00000000bc200000, 0x00000000c1400000, 0x00000000c1400000)
  object space 83968K, 100% used [0x00000000bc200000,0x00000000c1400000,0x00000000c1400000)
Event: 1882.208 GC heap after
Heap after GC invocations=29 (full 7):
 PSYoungGen      total 35328K, used 0K [0x00000000eb100000, 0x00000000edd00000, 0x0000000100000000)
  eden space 25600K, 0% used [0x00000000eb100000,0x00000000eb100000,0x00000000eca00000)
  from space 9728K, 0% used [0x00000000ed380000,0x00000000ed380000,0x00000000edd00000)
  to   space 9728K, 0% used [0x00000000eca00000,0x00000000eca00000,0x00000000ed380000)
 ParOldGen       total 230400K, used 12895K [0x00000000c1400000, 0x00000000cf500000, 0x00000000eb100000)
  object space 230400K, 5% used [0x00000000c1400000,0x00000000c2097f40,0x00000000cf500000)
 PSPermGen       total 83968K, used 83960K [0x00000000bc200000, 0x00000000c1400000, 0x00000000c1400000)
  object space 83968K, 99% used [0x00000000bc200000,0x00000000c13fe120,0x00000000c1400000)
}
Event: 1882.209 GC heap before
{Heap before GC invocations=30 (full 7):
 PSYoungGen      total 35328K, used 74K [0x00000000eb100000, 0x00000000edd00000, 0x0000000100000000)
  eden space 25600K, 0% used [0x00000000eb100000,0x00000000eb112888,0x00000000eca00000)
  from space 9728K, 0% used [0x00000000ed380000,0x00000000ed380000,0x00000000edd00000)
  to   space 9728K, 0% used [0x00000000eca00000,0x00000000eca00000,0x00000000ed380000)
 ParOldGen       total 230400K, used 12895K [0x00000000c1400000, 0x00000000cf500000, 0x00000000eb100000)
  object space 230400K, 5% used [0x00000000c1400000,0x00000000c2097f40,0x00000000cf500000)
 PSPermGen       total 83968K, used 83967K [0x00000000bc200000, 0x00000000c1400000, 0x00000000c1400000)
  object space 83968K, 99% used [0x00000000bc200000,0x00000000c13ffe98,0x00000000c1400000)
Event: 1882.210 GC heap after
Heap after GC invocations=30 (full 7):
 PSYoungGen      total 35328K, used 32K [0x00000000eb100000, 0x00000000edd80000, 0x0000000100000000)
  eden space 25600K, 0% used [0x00000000eb100000,0x00000000eb100000,0x00000000eca00000)
  from space 9728K, 0% used [0x00000000eca00000,0x00000000eca08000,0x00000000ed380000)
  to   space 9728K, 0% used [0x00000000ed400000,0x00000000ed400000,0x00000000edd80000)
 ParOldGen       total 230400K, used 12895K [0x00000000c1400000, 0x00000000cf500000, 0x00000000eb100000)
  object space 230400K, 5% used [0x00000000c1400000,0x00000000c2097f40,0x00000000cf500000)
 PSPermGen       total 83968K, used 83967K [0x00000000bc200000, 0x00000000c1400000, 0x00000000c1400000)
  object space 83968K, 99% used [0x00000000bc200000,0x00000000c13ffe98,0x00000000c1400000)
}
Event: 1882.210 GC heap before
{Heap before GC invocations=31 (full 8):
 PSYoungGen      total 35328K, used 32K [0x00000000eb100000, 0x00000000edd80000, 0x0000000100000000)
  eden space 25600K, 0% used [0x00000000eb100000,0x00000000eb100000,0x00000000eca00000)
  from space 9728K, 0% used [0x00000000eca00000,0x00000000eca08000,0x00000000ed380000)
  to   space 9728K, 0% used [0x00000000ed400000,0x00000000ed400000,0x00000000edd80000)
 ParOldGen       total 230400K, used 12895K [0x00000000c1400000, 0x00000000cf500000, 0x00000000eb100000)
  object space 230400K, 5% used [0x00000000c1400000,0x00000000c2097f40,0x00000000cf500000)
 PSPermGen       total 83968K, used 83967K [0x00000000bc200000, 0x00000000c1400000, 0x00000000c1400000)
  object space 83968K, 99% used [0x00000000bc200000,0x00000000c13ffe98,0x00000000c1400000)
Event: 1882.282 GC heap after
Heap after GC invocations=31 (full 8):
 PSYoungGen      total 35328K, used 0K [0x00000000eb100000, 0x00000000edd80000, 0x0000000100000000)
  eden space 25600K, 0% used [0x00000000eb100000,0x00000000eb100000,0x00000000eca00000)
  from space 9728K, 0% used [0x00000000eca00000,0x00000000eca00000,0x00000000ed380000)
  to   space 9728K, 0% used [0x00000000ed400000,0x00000000ed400000,0x00000000edd80000)
 ParOldGen       total 294400K, used 12867K [0x00000000c1400000, 0x00000000d3380000, 0x00000000eb100000)
  object space 294400K, 4% used [0x00000000c1400000,0x00000000c2090f90,0x00000000d3380000)
 PSPermGen       total 83968K, used 83967K [0x00000000bc200000, 0x00000000c1400000, 0x00000000c1400000)
  object space 83968K, 99% used [0x00000000bc200000,0x00000000c13ffe98,0x00000000c1400000)
}
Event: 1882.282 GC heap before
{Heap before GC invocations=32 (full 8):
 PSYoungGen      total 35328K, used 0K [0x00000000eb100000, 0x00000000edd80000, 0x0000000100000000)
  eden space 25600K, 0% used [0x00000000eb100000,0x00000000eb100000,0x00000000eca00000)
  from space 9728K, 0% used [0x00000000eca00000,0x00000000eca00000,0x00000000ed380000)
  to   space 9728K, 0% used [0x00000000ed400000,0x00000000ed400000,0x00000000edd80000)
 ParOldGen       total 294400K, used 12867K [0x00000000c1400000, 0x00000000d3380000, 0x00000000eb100000)
  object space 294400K, 4% used [0x00000000c1400000,0x00000000c2090f90,0x00000000d3380000)
 PSPermGen       total 83968K, used 83967K [0x00000000bc200000, 0x00000000c1400000, 0x00000000c1400000)
  object space 83968K, 99% used [0x00000000bc200000,0x00000000c13ffe98,0x00000000c1400000)
Event: 1882.283 GC heap after
Heap after GC invocations=32 (full 8):
 PSYoungGen      total 34816K, used 0K [0x00000000eb100000, 0x00000000edc80000, 0x0000000100000000)
  eden space 26112K, 0% used [0x00000000eb100000,0x00000000eb100000,0x00000000eca80000)
  from space 8704K, 0% used [0x00000000ed400000,0x00000000ed400000,0x00000000edc80000)
  to   space 9216K, 0% used [0x00000000eca80000,0x00000000eca80000,0x00000000ed380000)
 ParOldGen       total 294400K, used 12867K [0x00000000c1400000, 0x00000000d3380000, 0x00000000eb100000)
  object space 294400K, 4% used [0x00000000c1400000,0x00000000c2090f90,0x00000000d3380000)
 PSPermGen       total 83968K, used 83967K [0x00000000bc200000, 0x00000000c1400000, 0x00000000c1400000)
  object space 83968K, 99% used [0x00000000bc200000,0x00000000c13ffe98,0x00000000c1400000)
}
Event: 1882.283 GC heap before
{Heap before GC invocations=33 (full 9):
 PSYoungGen      total 34816K, used 0K [0x00000000eb100000, 0x00000000edc80000, 0x0000000100000000)
  eden space 26112K, 0% used [0x00000000eb100000,0x00000000eb100000,0x00000000eca80000)
  from space 8704K, 0% used [0x00000000ed400000,0x00000000ed400000,0x00000000edc80000)
  to   space 9216K, 0% used [0x00000000eca80000,0x00000000eca80000,0x00000000ed380000)
 ParOldGen       total 294400K, used 12867K [0x00000000c1400000, 0x00000000d3380000, 0x00000000eb100000)
  object space 294400K, 4% used [0x00000000c1400000,0x00000000c2090f90,0x00000000d3380000)
 PSPermGen       total 83968K, used 83967K [0x00000000bc200000, 0x00000000c1400000, 0x00000000c1400000)
  object space 83968K, 99% used [0x00000000bc200000,0x00000000c13ffe98,0x00000000c1400000)
Event: 1882.382 GC heap after
Heap after GC invocations=33 (full 9):
 PSYoungGen      total 34816K, used 0K [0x00000000eb100000, 0x00000000edc80000, 0x0000000100000000)
  eden space 26112K, 0% used [0x00000000eb100000,0x00000000eb100000,0x00000000eca80000)
  from space 8704K, 0% used [0x00000000ed400000,0x00000000ed400000,0x00000000edc80000)
  to   space 9216K, 0% used [0x00000000eca80000,0x00000000eca80000,0x00000000ed380000)
 ParOldGen       total 363008K, used 12847K [0x00000000c1400000, 0x00000000d7680000, 0x00000000eb100000)
  object space 363008K, 3% used [0x00000000c1400000,0x00000000c208bc50,0x00000000d7680000)
 PSPermGen       total 83968K, used 83967K [0x00000000bc200000, 0x00000000c1400000, 0x00000000c1400000)
  object space 83968K, 99% used [0x00000000bc200000,0x00000000c13ffe98,0x00000000c1400000)
}

